7/22/13 7:12:42 PM =============================================================

-- Timers ----------------------------------------------------------------------
etsy.BuyAHatTest.adding_a_hat_to_the_cart:etsy.Home.<init>:button(By.id: search_submit).click()
             count = 1
         mean rate = 0.00 calls/millisecond
     1-minute rate = 0.00 calls/millisecond
     5-minute rate = 0.00 calls/millisecond
    15-minute rate = 0.00 calls/millisecond
               min = 1354.56 milliseconds
               max = 1354.56 milliseconds
              mean = 1354.56 milliseconds
            stddev = 0.00 milliseconds
            median = 1354.56 milliseconds
              75% <= 1354.56 milliseconds
              95% <= 1354.56 milliseconds
              98% <= 1354.56 milliseconds
              99% <= 1354.56 milliseconds
            99.9% <= 1354.56 milliseconds
etsy.BuyAHatTest.adding_a_hat_to_the_cart:etsy.Home.<init>:input(By.id: search-query).sendKeys('Hat')
             count = 1
         mean rate = 0.00 calls/millisecond
     1-minute rate = 0.00 calls/millisecond
     5-minute rate = 0.00 calls/millisecond
    15-minute rate = 0.00 calls/millisecond
               min = 53.82 milliseconds
               max = 53.82 milliseconds
              mean = 53.82 milliseconds
            stddev = 0.00 milliseconds
            median = 53.82 milliseconds
              75% <= 53.82 milliseconds
              95% <= 53.82 milliseconds
              98% <= 53.82 milliseconds
              99% <= 53.82 milliseconds
            99.9% <= 53.82 milliseconds
etsy.BuyAHatTest.adding_a_hat_to_the_cart:etsy.Listing.<init>:button(By.className: btn-transaction).click()
             count = 1
         mean rate = 0.00 calls/millisecond
     1-minute rate = 0.00 calls/millisecond
     5-minute rate = 0.00 calls/millisecond
    15-minute rate = 0.00 calls/millisecond
               min = 298.48 milliseconds
               max = 298.48 milliseconds
              mean = 298.48 milliseconds
            stddev = 0.00 milliseconds
            median = 298.48 milliseconds
              75% <= 298.48 milliseconds
              95% <= 298.48 milliseconds
              98% <= 298.48 milliseconds
              99% <= 298.48 milliseconds
            99.9% <= 298.48 milliseconds
etsy.BuyAHatTest.adding_a_hat_to_the_cart:etsy.SearchResults.<init>:ul(By.className: listings).lis(By.tagName: li).a()
             count = 1
         mean rate = 0.00 calls/millisecond
     1-minute rate = 0.00 calls/millisecond
     5-minute rate = 0.00 calls/millisecond
    15-minute rate = 0.00 calls/millisecond
               min = 10.55 milliseconds
               max = 10.55 milliseconds
              mean = 10.55 milliseconds
            stddev = 0.00 milliseconds
            median = 10.55 milliseconds
              75% <= 10.55 milliseconds
              95% <= 10.55 milliseconds
              98% <= 10.55 milliseconds
              99% <= 10.55 milliseconds
            99.9% <= 10.55 milliseconds
etsy.BuyAHatTest.adding_a_hat_to_the_cart:etsy.SearchResults.<init>:ul(By.className: listings).lis(By.tagName: li).a().click()
             count = 1
         mean rate = 0.00 calls/millisecond
     1-minute rate = 0.00 calls/millisecond
     5-minute rate = 0.00 calls/millisecond
    15-minute rate = 0.00 calls/millisecond
               min = 69.30 milliseconds
               max = 69.30 milliseconds
              mean = 69.30 milliseconds
            stddev = 0.00 milliseconds
            median = 69.30 milliseconds
              75% <= 69.30 milliseconds
              95% <= 69.30 milliseconds
              98% <= 69.30 milliseconds
              99% <= 69.30 milliseconds
            99.9% <= 69.30 milliseconds
etsy.Home.searchButton:button(By.id: search_submit)
             count = 1
         mean rate = 0.00 calls/millisecond
     1-minute rate = 0.00 calls/millisecond
     5-minute rate = 0.00 calls/millisecond
    15-minute rate = 0.00 calls/millisecond
               min = 115.86 milliseconds
               max = 115.86 milliseconds
              mean = 115.86 milliseconds
            stddev = 0.00 milliseconds
            median = 115.86 milliseconds
              75% <= 115.86 milliseconds
              95% <= 115.86 milliseconds
              98% <= 115.86 milliseconds
              99% <= 115.86 milliseconds
            99.9% <= 115.86 milliseconds
etsy.Home.searchFor:input(By.id: search-query)
             count = 1
         mean rate = 0.00 calls/millisecond
     1-minute rate = 0.00 calls/millisecond
     5-minute rate = 0.00 calls/millisecond
    15-minute rate = 0.00 calls/millisecond
               min = 41.27 milliseconds
               max = 41.27 milliseconds
              mean = 41.27 milliseconds
            stddev = 0.00 milliseconds
            median = 41.27 milliseconds
              75% <= 41.27 milliseconds
              95% <= 41.27 milliseconds
              98% <= 41.27 milliseconds
              99% <= 41.27 milliseconds
            99.9% <= 41.27 milliseconds
etsy.Listing.addToCartButton:button(By.className: btn-transaction)
             count = 1
         mean rate = 0.00 calls/millisecond
     1-minute rate = 0.00 calls/millisecond
     5-minute rate = 0.00 calls/millisecond
    15-minute rate = 0.00 calls/millisecond
               min = 15.25 milliseconds
               max = 15.25 milliseconds
              mean = 15.25 milliseconds
            stddev = 0.00 milliseconds
            median = 15.25 milliseconds
              75% <= 15.25 milliseconds
              95% <= 15.25 milliseconds
              98% <= 15.25 milliseconds
              99% <= 15.25 milliseconds
            99.9% <= 15.25 milliseconds
etsy.SearchResults.firstNonSponsoredListing:ul(By.className: listings)
             count = 1
         mean rate = 0.00 calls/millisecond
     1-minute rate = 0.00 calls/millisecond
     5-minute rate = 0.00 calls/millisecond
    15-minute rate = 0.00 calls/millisecond
               min = 16.15 milliseconds
               max = 16.15 milliseconds
              mean = 16.15 milliseconds
            stddev = 0.00 milliseconds
            median = 16.15 milliseconds
              75% <= 16.15 milliseconds
              95% <= 16.15 milliseconds
              98% <= 16.15 milliseconds
              99% <= 16.15 milliseconds
            99.9% <= 16.15 milliseconds
etsy.SearchResults.firstNonSponsoredListing:ul(By.className: listings).lis(By.tagName: li)
             count = 1
         mean rate = 0.00 calls/millisecond
     1-minute rate = 0.00 calls/millisecond
     5-minute rate = 0.00 calls/millisecond
    15-minute rate = 0.00 calls/millisecond
               min = 32.21 milliseconds
               max = 32.21 milliseconds
              mean = 32.21 milliseconds
            stddev = 0.00 milliseconds
            median = 32.21 milliseconds
              75% <= 32.21 milliseconds
              95% <= 32.21 milliseconds
              98% <= 32.21 milliseconds
              99% <= 32.21 milliseconds
            99.9% <= 32.21 milliseconds
etsy.SearchResults.numberMatchingSearchHeader:div(By.id: search-header)
             count = 1
         mean rate = 0.00 calls/millisecond
     1-minute rate = 0.00 calls/millisecond
     5-minute rate = 0.00 calls/millisecond
    15-minute rate = 0.00 calls/millisecond
               min = 13.52 milliseconds
               max = 13.52 milliseconds
              mean = 13.52 milliseconds
            stddev = 0.00 milliseconds
            median = 13.52 milliseconds
              75% <= 13.52 milliseconds
              95% <= 13.52 milliseconds
              98% <= 13.52 milliseconds
              99% <= 13.52 milliseconds
            99.9% <= 13.52 milliseconds
etsy.SearchResults.numberMatchingSearchHeader:div(By.id: search-header).h1()
             count = 1
         mean rate = 0.00 calls/millisecond
     1-minute rate = 0.00 calls/millisecond
     5-minute rate = 0.00 calls/millisecond
    15-minute rate = 0.00 calls/millisecond
               min = 14.63 milliseconds
               max = 14.63 milliseconds
              mean = 14.63 milliseconds
            stddev = 0.00 milliseconds
            median = 14.63 milliseconds
              75% <= 14.63 milliseconds
              95% <= 14.63 milliseconds
              98% <= 14.63 milliseconds
              99% <= 14.63 milliseconds
            99.9% <= 14.63 milliseconds
hipmunk.BookAFlightTest.a_booking_through_to_priceline_affiliate:hipmunk.BookingOverlay.<init>:hipmunk.SearchResults.<init>:divs(By.className: booking-link-row).a()
             count = 1
         mean rate = 0.00 calls/millisecond
     1-minute rate = 0.00 calls/millisecond
     5-minute rate = 0.00 calls/millisecond
    15-minute rate = 0.00 calls/millisecond
               min = 16.61 milliseconds
               max = 16.61 milliseconds
              mean = 16.61 milliseconds
            stddev = 0.00 milliseconds
            median = 16.61 milliseconds
              75% <= 16.61 milliseconds
              95% <= 16.61 milliseconds
              98% <= 16.61 milliseconds
              99% <= 16.61 milliseconds
            99.9% <= 16.61 milliseconds
hipmunk.BookAFlightTest.a_booking_through_to_priceline_affiliate:hipmunk.BookingOverlay.<init>:hipmunk.SearchResults.<init>:divs(By.className: booking-link-row).a().click()
             count = 1
         mean rate = 0.00 calls/millisecond
     1-minute rate = 0.00 calls/millisecond
     5-minute rate = 0.00 calls/millisecond
    15-minute rate = 0.00 calls/millisecond
               min = 404.70 milliseconds
               max = 404.70 milliseconds
              mean = 404.70 milliseconds
            stddev = 0.00 milliseconds
            median = 404.70 milliseconds
              75% <= 404.70 milliseconds
              95% <= 404.70 milliseconds
              98% <= 404.70 milliseconds
              99% <= 404.70 milliseconds
            99.9% <= 404.70 milliseconds
hipmunk.BookAFlightTest.a_booking_through_to_priceline_affiliate:hipmunk.BookingOverlay.<init>:hipmunk.SearchResults.<init>:divs(By.className: booking-link-row).div()
             count = 1
         mean rate = 0.00 calls/millisecond
     1-minute rate = 0.00 calls/millisecond
     5-minute rate = 0.00 calls/millisecond
    15-minute rate = 0.00 calls/millisecond
               min = 13.59 milliseconds
               max = 13.59 milliseconds
              mean = 13.59 milliseconds
            stddev = 0.00 milliseconds
            median = 13.59 milliseconds
              75% <= 13.59 milliseconds
              95% <= 13.59 milliseconds
              98% <= 13.59 milliseconds
              99% <= 13.59 milliseconds
            99.9% <= 13.59 milliseconds
hipmunk.BookAFlightTest.a_booking_through_to_priceline_affiliate:hipmunk.Home.<init>:form(By.id: flight).button().click()
             count = 1
         mean rate = 0.00 calls/millisecond
     1-minute rate = 0.00 calls/millisecond
     5-minute rate = 0.00 calls/millisecond
    15-minute rate = 0.00 calls/millisecond
               min = 127.03 milliseconds
               max = 127.03 milliseconds
              mean = 127.03 milliseconds
            stddev = 0.00 milliseconds
            median = 127.03 milliseconds
              75% <= 127.03 milliseconds
              95% <= 127.03 milliseconds
              98% <= 127.03 milliseconds
              99% <= 127.03 milliseconds
            99.9% <= 127.03 milliseconds
hipmunk.BookAFlightTest.a_booking_through_to_priceline_affiliate:hipmunk.Home.<init>:input(By.id: fac1flight).sendKeys('DFW')
             count = 1
         mean rate = 0.00 calls/millisecond
     1-minute rate = 0.00 calls/millisecond
     5-minute rate = 0.00 calls/millisecond
    15-minute rate = 0.00 calls/millisecond
               min = 119.18 milliseconds
               max = 119.18 milliseconds
              mean = 119.18 milliseconds
            stddev = 0.00 milliseconds
            median = 119.18 milliseconds
              75% <= 119.18 milliseconds
              95% <= 119.18 milliseconds
              98% <= 119.18 milliseconds
              99% <= 119.18 milliseconds
            99.9% <= 119.18 milliseconds
hipmunk.BookAFlightTest.a_booking_through_to_priceline_affiliate:hipmunk.Home.<init>:input(By.id: fac2flight).sendKeys('ORD')
             count = 1
         mean rate = 0.00 calls/millisecond
     1-minute rate = 0.00 calls/millisecond
     5-minute rate = 0.00 calls/millisecond
    15-minute rate = 0.00 calls/millisecond
               min = 52.34 milliseconds
               max = 52.34 milliseconds
              mean = 52.34 milliseconds
            stddev = 0.00 milliseconds
            median = 52.34 milliseconds
              75% <= 52.34 milliseconds
              95% <= 52.34 milliseconds
              98% <= 52.34 milliseconds
              99% <= 52.34 milliseconds
            99.9% <= 52.34 milliseconds
hipmunk.BookAFlightTest.a_booking_through_to_priceline_affiliate:hipmunk.SearchResults.<init>:div(By.id: sub-graph-1).div(By.className: select-leg).click()
             count = 2
         mean rate = 0.00 calls/millisecond
     1-minute rate = 0.00 calls/millisecond
     5-minute rate = 0.00 calls/millisecond
    15-minute rate = 0.00 calls/millisecond
               min = 91.05 milliseconds
               max = 170.19 milliseconds
              mean = 130.62 milliseconds
            stddev = 55.96 milliseconds
            median = 130.62 milliseconds
              75% <= 170.19 milliseconds
              95% <= 170.19 milliseconds
              98% <= 170.19 milliseconds
              99% <= 170.19 milliseconds
            99.9% <= 170.19 milliseconds
hipmunk.BookAFlightTest.timeBizOperation:DFW->ORD Initial Search Results (End User Experience)
             count = 1
         mean rate = 0.00 calls/millisecond
     1-minute rate = 0.00 calls/millisecond
     5-minute rate = 0.00 calls/millisecond
    15-minute rate = 0.00 calls/millisecond
               min = 2486.31 milliseconds
               max = 2486.31 milliseconds
              mean = 2486.31 milliseconds
            stddev = 0.00 milliseconds
            median = 2486.31 milliseconds
              75% <= 2486.31 milliseconds
              95% <= 2486.31 milliseconds
              98% <= 2486.31 milliseconds
              99% <= 2486.31 milliseconds
            99.9% <= 2486.31 milliseconds
hipmunk.BookAFlightTest.timeBizOperation:DFW->ORD Priceline Transfer (End User Experience)
             count = 1
         mean rate = 0.00 calls/millisecond
     1-minute rate = 0.00 calls/millisecond
     5-minute rate = 0.00 calls/millisecond
    15-minute rate = 0.00 calls/millisecond
               min = 12978.57 milliseconds
               max = 12978.57 milliseconds
              mean = 12978.57 milliseconds
            stddev = 0.00 milliseconds
            median = 12978.57 milliseconds
              75% <= 12978.57 milliseconds
              95% <= 12978.57 milliseconds
              98% <= 12978.57 milliseconds
              99% <= 12978.57 milliseconds
            99.9% <= 12978.57 milliseconds
hipmunk.BookAFlightTest.timeBizOperation:DFW->ORD Return Leg Search Results (End User Experience)
             count = 1
         mean rate = 0.00 calls/millisecond
     1-minute rate = 0.00 calls/millisecond
     5-minute rate = 0.00 calls/millisecond
    15-minute rate = 0.00 calls/millisecond
               min = 1038.87 milliseconds
               max = 1038.87 milliseconds
              mean = 1038.87 milliseconds
            stddev = 0.00 milliseconds
            median = 1038.87 milliseconds
              75% <= 1038.87 milliseconds
              95% <= 1038.87 milliseconds
              98% <= 1038.87 milliseconds
              99% <= 1038.87 milliseconds
            99.9% <= 1038.87 milliseconds
hipmunk.BookingOverlay.pricelineRow:divs(By.className: booking-link-row)
             count = 1
         mean rate = 0.00 calls/millisecond
     1-minute rate = 0.00 calls/millisecond
     5-minute rate = 0.00 calls/millisecond
    15-minute rate = 0.00 calls/millisecond
               min = 56.58 milliseconds
               max = 56.58 milliseconds
              mean = 56.58 milliseconds
            stddev = 0.00 milliseconds
            median = 56.58 milliseconds
              75% <= 56.58 milliseconds
              95% <= 56.58 milliseconds
              98% <= 56.58 milliseconds
              99% <= 56.58 milliseconds
            99.9% <= 56.58 milliseconds
hipmunk.BookingOverlay.pricelineRow:divs(By.className: booking-link-row).first(com.paulhammant.fluentSeleniumExamples.hipmunk.BookingOverlay$1@63a6b16f)
             count = 1
         mean rate = 0.00 calls/millisecond
     1-minute rate = 0.00 calls/millisecond
     5-minute rate = 0.00 calls/millisecond
    15-minute rate = 0.00 calls/millisecond
               min = 39.10 milliseconds
               max = 39.10 milliseconds
              mean = 39.10 milliseconds
            stddev = 0.00 milliseconds
            median = 39.10 milliseconds
              75% <= 39.10 milliseconds
              95% <= 39.10 milliseconds
              98% <= 39.10 milliseconds
              99% <= 39.10 milliseconds
            99.9% <= 39.10 milliseconds
hipmunk.Home.fromAirportField:input(By.id: fac1flight)
             count = 1
         mean rate = 0.00 calls/millisecond
     1-minute rate = 0.00 calls/millisecond
     5-minute rate = 0.00 calls/millisecond
    15-minute rate = 0.00 calls/millisecond
               min = 39.48 milliseconds
               max = 39.48 milliseconds
              mean = 39.48 milliseconds
            stddev = 0.00 milliseconds
            median = 39.48 milliseconds
              75% <= 39.48 milliseconds
              95% <= 39.48 milliseconds
              98% <= 39.48 milliseconds
              99% <= 39.48 milliseconds
            99.9% <= 39.48 milliseconds
hipmunk.Home.searchButton:form(By.id: flight)
             count = 1
         mean rate = 0.00 calls/millisecond
     1-minute rate = 0.00 calls/millisecond
     5-minute rate = 0.00 calls/millisecond
    15-minute rate = 0.00 calls/millisecond
               min = 13.17 milliseconds
               max = 13.17 milliseconds
              mean = 13.17 milliseconds
            stddev = 0.00 milliseconds
            median = 13.17 milliseconds
              75% <= 13.17 milliseconds
              95% <= 13.17 milliseconds
              98% <= 13.17 milliseconds
              99% <= 13.17 milliseconds
            99.9% <= 13.17 milliseconds
hipmunk.Home.searchButton:form(By.id: flight).button()
             count = 1
         mean rate = 0.00 calls/millisecond
     1-minute rate = 0.00 calls/millisecond
     5-minute rate = 0.00 calls/millisecond
    15-minute rate = 0.00 calls/millisecond
               min = 16.63 milliseconds
               max = 16.63 milliseconds
              mean = 16.63 milliseconds
            stddev = 0.00 milliseconds
            median = 16.63 milliseconds
              75% <= 16.63 milliseconds
              95% <= 16.63 milliseconds
              98% <= 16.63 milliseconds
              99% <= 16.63 milliseconds
            99.9% <= 16.63 milliseconds
hipmunk.Home.toAirportField:input(By.id: fac2flight)
             count = 1
         mean rate = 0.00 calls/millisecond
     1-minute rate = 0.00 calls/millisecond
     5-minute rate = 0.00 calls/millisecond
    15-minute rate = 0.00 calls/millisecond
               min = 81.66 milliseconds
               max = 81.66 milliseconds
              mean = 81.66 milliseconds
            stddev = 0.00 milliseconds
            median = 81.66 milliseconds
              75% <= 81.66 milliseconds
              95% <= 81.66 milliseconds
              98% <= 81.66 milliseconds
              99% <= 81.66 milliseconds
            99.9% <= 81.66 milliseconds
hipmunk.Home.waitForExpandoToComplete:div(By.id: flight-search)
             count = 1
         mean rate = 0.00 calls/millisecond
     1-minute rate = 0.00 calls/millisecond
     5-minute rate = 0.00 calls/millisecond
    15-minute rate = 0.00 calls/millisecond
               min = 46.31 milliseconds
               max = 46.31 milliseconds
              mean = 46.31 milliseconds
            stddev = 0.00 milliseconds
            median = 46.31 milliseconds
              75% <= 46.31 milliseconds
              95% <= 46.31 milliseconds
              98% <= 46.31 milliseconds
              99% <= 46.31 milliseconds
            99.9% <= 46.31 milliseconds
hipmunk.PricelineAffiliateBooking.getActualPrice:span(By.id: ttp1)
             count = 1
         mean rate = 0.00 calls/millisecond
     1-minute rate = 0.00 calls/millisecond
     5-minute rate = 0.00 calls/millisecond
    15-minute rate = 0.00 calls/millisecond
               min = 15.92 milliseconds
               max = 15.92 milliseconds
              mean = 15.92 milliseconds
            stddev = 0.00 milliseconds
            median = 15.92 milliseconds
              75% <= 15.92 milliseconds
              95% <= 15.92 milliseconds
              98% <= 15.92 milliseconds
              99% <= 15.92 milliseconds
            99.9% <= 15.92 milliseconds
hipmunk.SearchResults.firstShownLeg:div(By.id: sub-graph-1)
             count = 2
         mean rate = 0.00 calls/millisecond
     1-minute rate = 0.00 calls/millisecond
     5-minute rate = 0.00 calls/millisecond
    15-minute rate = 0.00 calls/millisecond
               min = 11.92 milliseconds
               max = 19.02 milliseconds
              mean = 15.47 milliseconds
            stddev = 5.02 milliseconds
            median = 15.47 milliseconds
              75% <= 19.02 milliseconds
              95% <= 19.02 milliseconds
              98% <= 19.02 milliseconds
              99% <= 19.02 milliseconds
            99.9% <= 19.02 milliseconds
hipmunk.SearchResults.firstShownLeg:div(By.id: sub-graph-1).div(By.className: select-leg)
             count = 2
         mean rate = 0.00 calls/millisecond
     1-minute rate = 0.00 calls/millisecond
     5-minute rate = 0.00 calls/millisecond
    15-minute rate = 0.00 calls/millisecond
               min = 20.35 milliseconds
               max = 20.35 milliseconds
              mean = 20.35 milliseconds
            stddev = 0.00 milliseconds
            median = 20.35 milliseconds
              75% <= 20.35 milliseconds
              95% <= 20.35 milliseconds
              98% <= 20.35 milliseconds
              99% <= 20.35 milliseconds
            99.9% <= 20.35 milliseconds
hipmunk.SearchResults.waitForFlightListFor:div(By.id: leg-selector-1)
             count = 2
         mean rate = 0.00 calls/millisecond
     1-minute rate = 0.00 calls/millisecond
     5-minute rate = 0.00 calls/millisecond
    15-minute rate = 0.00 calls/millisecond
               min = 13.37 milliseconds
               max = 14.46 milliseconds
              mean = 13.92 milliseconds
            stddev = 0.77 milliseconds
            median = 13.92 milliseconds
              75% <= 14.46 milliseconds
              95% <= 14.46 milliseconds
              98% <= 14.46 milliseconds
              99% <= 14.46 milliseconds
            99.9% <= 14.46 milliseconds
hipmunk.SearchResults.waitForFlightListFor:div(By.id: leg-selector-1).div(By.className: selected)
             count = 2
         mean rate = 0.00 calls/millisecond
     1-minute rate = 0.00 calls/millisecond
     5-minute rate = 0.00 calls/millisecond
    15-minute rate = 0.00 calls/millisecond
               min = 13.32 milliseconds
               max = 13.66 milliseconds
              mean = 13.49 milliseconds
            stddev = 0.24 milliseconds
            median = 13.49 milliseconds
              75% <= 13.66 milliseconds
              95% <= 13.66 milliseconds
              98% <= 13.66 milliseconds
              99% <= 13.66 milliseconds
            99.9% <= 13.66 milliseconds

